wangGame/build/intermediates/manifest_merge_blame_file/debug/manifest-merger-blame-debug-report.txt
1<?xml version="1.0" encoding="utf-8"?>
2<manifest xmlns:android="http://schemas.android.com/apk/res/android"
3    package="progark.a15"
4    android:versionCode="1"
5    android:versionName="1.0" >
6
7    <uses-sdk android:minSdkVersion="24" />
7-->src\main\AndroidManifest.xml
8
9    <application
9-->src\main\AndroidManifest.xml:7:5-33:19
10        android:icon="@drawable/ic_launcher"
10-->src\main\AndroidManifest.xml:8:9-45
11        android:label="@string/app_name"
11-->src\main\AndroidManifest.xml:9:9-41
12        android:theme="@android:style/Theme.NoTitleBar.Fullscreen" >
12-->src\main\AndroidManifest.xml:10:9-67
13        <activity
13-->src\main\AndroidManifest.xml:11:9-15:20
14            android:name="progark.a15.GameActivity_getwang"
14-->src\main\AndroidManifest.xml:12:13-49
15            android:noHistory="true"
15-->src\main\AndroidManifest.xml:14:13-37
16            android:screenOrientation="portrait" >
16-->src\main\AndroidManifest.xml:13:13-49
17        </activity>
18        <activity
18-->src\main\AndroidManifest.xml:16:9-19:20
19            android:name="progark.a15.DiffSelectActivity"
19-->src\main\AndroidManifest.xml:17:13-47
20            android:screenOrientation="portrait" >
20-->src\main\AndroidManifest.xml:18:13-49
21        </activity>
22        <activity
22-->src\main\AndroidManifest.xml:20:9-32:20
23            android:name="progark.a15.MainMenuActivity"
23-->src\main\AndroidManifest.xml:21:13-45
24            android:alwaysRetainTaskState="true"
24-->src\main\AndroidManifest.xml:24:13-49
25            android:exported="true"
25-->src\main\AndroidManifest.xml:26:13-36
26            android:label="@string/app_name"
26-->src\main\AndroidManifest.xml:22:13-45
27            android:launchMode="singleTask"
27-->src\main\AndroidManifest.xml:23:13-44
28            android:screenOrientation="portrait" >
28-->src\main\AndroidManifest.xml:25:13-49
29            <intent-filter>
29-->src\main\AndroidManifest.xml:27:13-31:29
30                <action android:name="android.intent.action.MAIN" />
30-->src\main\AndroidManifest.xml:28:17-69
30-->src\main\AndroidManifest.xml:28:25-66
31
32                <category android:name="android.intent.category.LAUNCHER" />
32-->src\main\AndroidManifest.xml:30:17-77
32-->src\main\AndroidManifest.xml:30:27-74
33            </intent-filter>
34        </activity>
35    </application>
36
37</manifest>